<?xml version="1.0" encoding="UTF-8"?>
<!-- Generated by org.testng.reporters.JUnitReportReporter -->
<testsuite skipped="0" hostname="DESKTOP-0CS8Q13" name="Generic.Sample" tests="2" failures="0" timestamp="20 May 2017 05:53:02 GMT" time="0.012" errors="0">
  <testcase name="createUser" time="0.006" classname="Generic.Sample"/>
  <testcase name="createUser" time="0.006" classname="Generic.Sample"/>
</testsuite> <!-- Generic.Sample -->
