<?xml version="1.0" encoding="UTF-8"?>
<!-- Generated by org.testng.reporters.JUnitReportReporter -->
<testsuite skipped="1" hostname="DESKTOP-0CS8Q13" name="Generic.Sample1" tests="4" failures="0" timestamp="20 May 2017 05:53:02 GMT" time="0.028" errors="0">
  <testcase name="createUser" time="0.013" classname="Generic.Sample1"/>
  <testcase name="editAccount" time="0.003" classname="Generic.Sample1"/>
  <testcase name="createAccount" time="0.012" classname="Generic.Sample1"/>
  <testcase name="deleteUser" classname="Generic.Sample1">
    <skipped/>
  </testcase> <!-- deleteUser -->
</testsuite> <!-- Generic.Sample1 -->
