<?xml version="1.0" encoding="UTF-8"?>
<!-- Generated by org.testng.reporters.JUnitReportReporter -->
<testsuite skipped="0" hostname="DESKTOP-0CS8Q13" name="Generic.TestLoginPage" tests="1" failures="0" timestamp="20 May 2017 05:53:02 GMT" time="8.167" errors="0">
  <testcase name="testLP" time="8.167" classname="Generic.TestLoginPage"/>
</testsuite> <!-- Generic.TestLoginPage -->
